<!DOCTYPE html>
<html>
<head>
<meta charset="UTF-8">
<title>Build Failed: SciLean</title>
<style>body { font-family: -apple-system, BlinkMacSystemFont, 'Segoe UI', Roboto, sans-serif; margin: 40px; background: #1a1a2e; color: #eee; } h1 { color: #ff6b6b; } h2 { color: #fff; margin-top: 30px; } .error { background: #2d2d44; padding: 20px; border-radius: 8px; border-left: 4px solid #ff6b6b; margin-bottom: 20px; } .toolchain-info { background: #2d2d44; padding: 20px; border-radius: 8px; border-left: 4px solid #ffa500; margin-bottom: 20px; } .info-table { width: 100%; border-collapse: collapse; margin: 10px 0; } .info-table td { padding: 8px; border-bottom: 1px solid rgba(255,255,255,0.1); } .info-table td:first-child { color: #888; width: 250px; } .message { margin-top: 15px; padding: 10px; background: rgba(0,0,0,0.2); border-radius: 4px; } pre { background: #16213e; padding: 15px; border-radius: 4px; overflow-x: auto; font-size: 12px; white-space: pre-wrap; max-height: 500px; overflow-y: auto; } a { color: #4ecdc4; } .commands-link { margin-top: 10px; display: block; }</style>
</head>
<body>
<h1>‚ùå Build Failed: SciLean</h1>
<div class='error'>
<h2>Error Summary</h2>
<pre>Project build failed</pre>
</div>
<div class='toolchain-info'>
<h2>Toolchain Information</h2>
<table class='info-table'>
<tr><td>Project Toolchain</td><td>leanprover/lean4:v4.28.0-rc1</td></tr>
<tr><td>doc-verification-bridge Toolchain</td><td>leanprover/lean4:v4.29.0-rc2</td></tr>
<tr><td>Status</td><td style='color: #4ecdc4'>‚úì Compatible</td></tr>
</table>
<p class='message'>‚úì Project uses leanprover/lean4:v4.28.0-rc1 (supported range: v4.24.0 - v4.29.0)</p>
</div>
<p class='commands-link'>üìã <a href='commands.yaml'>View command log (YAML)</a></p>
<h2>Full Build Log</h2>
<pre>‚úñ [2793/2865] Building SciLean.FFI.ByteArray:dynlib (30ms)
trace: .> /home/nfr/.elan/toolchains/leanprover--lean4---v4.28.0-rc1/bin/clang -shared -o /home/nfr/actions-runner/_work/doc-verification-bridge/doc-verification-bridge/experiments/repos/SciLean/.lake/build/lib/lean/scilean_SciLean_FFI_ByteArray.so /home/nfr/actions-runner/_work/doc-verification-bridge/doc-verification-bridge/experiments/repos/SciLean/.lake/build/ir/SciLean/FFI/ByteArray.c.o.export -L/usr/lib/x86_64-linux-gnu/ -lblas -lm -L /home/nfr/.elan/toolchains/leanprover--lean4---v4.28.0-rc1/lib/lean --sysroot /home/nfr/.elan/toolchains/leanprover--lean4---v4.28.0-rc1 -L /home/nfr/.elan/toolchains/leanprover--lean4---v4.28.0-rc1/lib -L /home/nfr/.elan/toolchains/leanprover--lean4---v4.28.0-rc1/lib/glibc -lc -lc_nonshared -Wl,--as-needed -l:ld.so -Wl,--no-as-needed -lpthread_nonshared -Wl,--as-needed -Wl,-Bstatic -lgmp -lunwind -luv -Wl,-Bdynamic -Wl,--no-as-needed -fuse-ld=lld -Wl,-Bstatic -lc++ -lc++abi -Wl,-Bdynamic -Wl,--as-needed -lLake_shared -Wl,--no-as-needed -Wl,-Bsymbolic -Wl,--as-needed -lgmp -luv -lpthread -ldl -lrt -Wl,--no-as-needed -Wl,--gc-sections -lm -ldl -pthread
info: stderr:
ld.lld: error: unable to find library -lblas
clang: error: linker command failed with exit code 1 (use -v to see invocation)
error: external command '/home/nfr/.elan/toolchains/leanprover--lean4---v4.28.0-rc1/bin/clang' exited with code 1
‚úñ [2794/2865] Building SciLean.FFI.FloatArray:dynlib (34ms)
trace: .> /home/nfr/.elan/toolchains/leanprover--lean4---v4.28.0-rc1/bin/clang -shared -o /home/nfr/actions-runner/_work/doc-verification-bridge/doc-verification-bridge/experiments/repos/SciLean/.lake/build/lib/lean/scilean_SciLean_FFI_FloatArray.so /home/nfr/actions-runner/_work/doc-verification-bridge/doc-verification-bridge/experiments/repos/SciLean/.lake/build/ir/SciLean/FFI/FloatArray.c.o.export -L/usr/lib/x86_64-linux-gnu/ -lblas -lm -L /home/nfr/.elan/toolchains/leanprover--lean4---v4.28.0-rc1/lib/lean --sysroot /home/nfr/.elan/toolchains/leanprover--lean4---v4.28.0-rc1 -L /home/nfr/.elan/toolchains/leanprover--lean4---v4.28.0-rc1/lib -L /home/nfr/.elan/toolchains/leanprover--lean4---v4.28.0-rc1/lib/glibc -lc -lc_nonshared -Wl,--as-needed -l:ld.so -Wl,--no-as-needed -lpthread_nonshared -Wl,--as-needed -Wl,-Bstatic -lgmp -lunwind -luv -Wl,-Bdynamic -Wl,--no-as-needed -fuse-ld=lld -Wl,-Bstatic -lc++ -lc++abi -Wl,-Bdynamic -Wl,--as-needed -lLake_shared -Wl,--no-as-needed -Wl,-Bsymbolic -Wl,--as-needed -lgmp -luv -lpthread -ldl -lrt -Wl,--no-as-needed -Wl,--gc-sections -lm -ldl -pthread
info: stderr:
ld.lld: error: unable to find library -lblas
clang: error: linker command failed with exit code 1 (use -v to see invocation)
error: external command '/home/nfr/.elan/toolchains/leanprover--lean4---v4.28.0-rc1/bin/clang' exited with code 1
‚úñ [2795/2865] Building SciLean.FFI.Float:dynlib (26ms)
trace: .> /home/nfr/.elan/toolchains/leanprover--lean4---v4.28.0-rc1/bin/clang -shared -o /home/nfr/actions-runner/_work/doc-verification-bridge/doc-verification-bridge/experiments/repos/SciLean/.lake/build/lib/lean/scilean_SciLean_FFI_Float.so /home/nfr/actions-runner/_work/doc-verification-bridge/doc-verification-bridge/experiments/repos/SciLean/.lake/build/ir/SciLean/FFI/Float.c.o.export -L/usr/lib/x86_64-linux-gnu/ -lblas -lm -L /home/nfr/.elan/toolchains/leanprover--lean4---v4.28.0-rc1/lib/lean --sysroot /home/nfr/.elan/toolchains/leanprover--lean4---v4.28.0-rc1 -L /home/nfr/.elan/toolchains/leanprover--lean4---v4.28.0-rc1/lib -L /home/nfr/.elan/toolchains/leanprover--lean4---v4.28.0-rc1/lib/glibc -lc -lc_nonshared -Wl,--as-needed -l:ld.so -Wl,--no-as-needed -lpthread_nonshared -Wl,--as-needed -Wl,-Bstatic -lgmp -lunwind -luv -Wl,-Bdynamic -Wl,--no-as-needed -fuse-ld=lld -Wl,-Bstatic -lc++ -lc++abi -Wl,-Bdynamic -Wl,--as-needed -lLake_shared -Wl,--no-as-needed -Wl,-Bsymbolic -Wl,--as-needed -lgmp -luv -lpthread -ldl -lrt -Wl,--no-as-needed -Wl,--gc-sections -lm -ldl -pthread
info: stderr:
ld.lld: error: unable to find library -lblas
clang: error: linker command failed with exit code 1 (use -v to see invocation)
error: external command '/home/nfr/.elan/toolchains/leanprover--lean4---v4.28.0-rc1/bin/clang' exited with code 1
‚úñ [2847/2865] Building LeanBLAS.FFI.FloatArray:dynlib (25ms)
trace: .> /home/nfr/.elan/toolchains/leanprover--lean4---v4.28.0-rc1/bin/clang -shared -o /home/nfr/actions-runner/_work/doc-verification-bridge/doc-verification-bridge/experiments/repos/SciLean/.lake/packages/leanblas/.lake/build/lib/lean/leanblas_LeanBLAS_FFI_FloatArray.so /home/nfr/actions-runner/_work/doc-verification-bridge/doc-verification-bridge/experiments/repos/SciLean/.lake/packages/leanblas/.lake/build/ir/LeanBLAS/FFI/FloatArray.c.o.export /usr/lib/x86_64-linux-gnu/libblas.so -L /home/nfr/.elan/toolchains/leanprover--lean4---v4.28.0-rc1/lib/lean --sysroot /home/nfr/.elan/toolchains/leanprover--lean4---v4.28.0-rc1 -L /home/nfr/.elan/toolchains/leanprover--lean4---v4.28.0-rc1/lib -L /home/nfr/.elan/toolchains/leanprover--lean4---v4.28.0-rc1/lib/glibc -lc -lc_nonshared -Wl,--as-needed -l:ld.so -Wl,--no-as-needed -lpthread_nonshared -Wl,--as-needed -Wl,-Bstatic -lgmp -lunwind -luv -Wl,-Bdynamic -Wl,--no-as-needed -fuse-ld=lld -Wl,-Bstatic -lc++ -lc++abi -Wl,-Bdynamic -Wl,--as-needed -lLake_shared -Wl,--no-as-needed -Wl,-Bsymbolic -Wl,--as-needed -lgmp -luv -lpthread -ldl -lrt -Wl,--no-as-needed -Wl,--gc-sections -lm -ldl -pthread
info: stderr:
clang: error: no such file or directory: '/usr/lib/x86_64-linux-gnu/libblas.so'
error: external command '/home/nfr/.elan/toolchains/leanprover--lean4---v4.28.0-rc1/bin/clang' exited with code 1
‚úñ [2863/3203] Building leanblas/libleanblasc (109ms)
trace: .> gcc -c -o /home/nfr/actions-runner/_work/doc-verification-bridge/doc-verification-bridge/experiments/repos/SciLean/.lake/packages/leanblas/.lake/build/c/levelone.o /home/nfr/actions-runner/_work/doc-verification-bridge/doc-verification-bridge/experiments/repos/SciLean/.lake/packages/leanblas/c/levelone.c -I /home/nfr/.elan/toolchains/leanprover--lean4---v4.28.0-rc1/include -DNDEBUG -O3 -fPIC
info: stderr:
/home/nfr/actions-runner/_work/doc-verification-bridge/doc-verification-bridge/experiments/repos/SciLean/.lake/packages/leanblas/c/levelone.c:2:10: fatal error: cblas.h: No such file or directory
    2 | #include <cblas.h>
      |          ^~~~~~~~~
compilation terminated.
error: external command 'gcc' exited with code 1
trace: .> gcc -c -o /home/nfr/actions-runner/_work/doc-verification-bridge/doc-verification-bridge/experiments/repos/SciLean/.lake/packages/leanblas/.lake/build/c/levelthree.o /home/nfr/actions-runner/_work/doc-verification-bridge/doc-verification-bridge/experiments/repos/SciLean/.lake/packages/leanblas/c/levelthree.c -I /home/nfr/.elan/toolchains/leanprover--lean4---v4.28.0-rc1/include -DNDEBUG -O3 -fPIC
info: stderr:
In file included from /home/nfr/actions-runner/_work/doc-verification-bridge/doc-verification-bridge/experiments/repos/SciLean/.lake/packages/leanblas/c/levelthree.c:1:
/home/nfr/actions-runner/_work/doc-verification-bridge/doc-verification-bridge/experiments/repos/SciLean/.lake/packages/leanblas/c/util.h:1:10: fatal error: cblas.h: No such file or directory
    1 | #include <cblas.h>
      |          ^~~~~~~~~
compilation terminated.
error: external command 'gcc' exited with code 1
trace: .> gcc -c -o /home/nfr/actions-runner/_work/doc-verification-bridge/doc-verification-bridge/experiments/repos/SciLean/.lake/packages/leanblas/.lake/build/c/leveltwo.o /home/nfr/actions-runner/_work/doc-verification-bridge/doc-verification-bridge/experiments/repos/SciLean/.lake/packages/leanblas/c/leveltwo.c -I /home/nfr/.elan/toolchains/leanprover--lean4---v4.28.0-rc1/include -DNDEBUG -O3 -fPIC
info: stderr:
In file included from /home/nfr/actions-runner/_work/doc-verification-bridge/doc-verification-bridge/experiments/repos/SciLean/.lake/packages/leanblas/c/leveltwo.c:1:
/home/nfr/actions-runner/_work/doc-verification-bridge/doc-verification-bridge/experiments/repos/SciLean/.lake/packages/leanblas/c/util.h:1:10: fatal error: cblas.h: No such file or directory
    1 | #include <cblas.h>
      |          ^~~~~~~~~
compilation terminated.
error: external command 'gcc' exited with code 1
trace: .> gcc -c -o /home/nfr/actions-runner/_work/doc-verification-bridge/doc-verification-bridge/experiments/repos/SciLean/.lake/packages/leanblas/.lake/build/c/leveltwoext.o /home/nfr/actions-runner/_work/doc-verification-bridge/doc-verification-bridge/experiments/repos/SciLean/.lake/packages/leanblas/c/leveltwoext.c -I /home/nfr/.elan/toolchains/leanprover--lean4---v4.28.0-rc1/include -DNDEBUG -O3 -fPIC
info: stderr:
/home/nfr/actions-runner/_work/doc-verification-bridge/doc-verification-bridge/experiments/repos/SciLean/.lake/packages/leanblas/c/leveltwoext.c:2:10: fatal error: cblas.h: No such file or directory
    2 | #include <cblas.h>
      |          ^~~~~~~~~
compilation terminated.
error: external command 'gcc' exited with code 1
trace: .> gcc -c -o /home/nfr/actions-runner/_work/doc-verification-bridge/doc-verification-bridge/experiments/repos/SciLean/.lake/packages/leanblas/.lake/build/c/util.o /home/nfr/actions-runner/_work/doc-verification-bridge/doc-verification-bridge/experiments/repos/SciLean/.lake/packages/leanblas/c/util.c -I /home/nfr/.elan/toolchains/leanprover--lean4---v4.28.0-rc1/include -DNDEBUG -O3 -fPIC
info: stderr:
In file included from /home/nfr/actions-runner/_work/doc-verification-bridge/doc-verification-bridge/experiments/repos/SciLean/.lake/packages/leanblas/c/util.c:1:
/home/nfr/actions-runner/_work/doc-verification-bridge/doc-verification-bridge/experiments/repos/SciLean/.lake/packages/leanblas/c/util.h:1:10: fatal error: cblas.h: No such file or directory
    1 | #include <cblas.h>
      |          ^~~~~~~~~
compilation terminated.
error: external command 'gcc' exited with code 1
Some required targets logged failures:
- SciLean.FFI.ByteArray:dynlib
- SciLean.FFI.FloatArray:dynlib
- SciLean.FFI.Float:dynlib
- LeanBLAS.FFI.FloatArray:dynlib
- leanblas/libleanblasc
error: build failed
</pre>
<p><a href='/'>‚Üê Back to Summary</a></p>
</body>
</html>